Turbo Assembler	 Version 4.1	    02/17/23 22:38:37	    Page 1
printstr.asm



      1
      2	0000			     .model tiny
      3	0000			     .code
      4				     org 100h
      5
      6	0100  B4 09		     Start:  mov ah, 09h
      7	0102  BA 0000r			     mov dx, offset Text
      8	0105  CD 21			     int 21h
      9
     10	0107  B4 4C			     mov ah, 4ch
     11	0109  CD 21			     int 21h
     12
     13	010B			     .data
     14	0000  53 61 6C 61 6D 2C	20+  Text:   db	'Salam,	Kirill!$'
     15	      4B 69 72 69 6C 6C	21+
     16	      24
     17
     18				     end     Start
Turbo Assembler	 Version 4.1	    02/17/23 22:38:37	    Page 2
Symbol Table




Symbol Name			  Type	 Value

??DATE				  Text	 "02/17/23"
??FILENAME			  Text	 "printstr"
??TIME				  Text	 "22:38:37"
??VERSION			  Number 040A
@32BIT				  Text	 0
@CODE				  Text	 DGROUP
@CODESIZE			  Text	 0
@CPU				  Text	 0101H
@CURSEG				  Text	 _DATA
@DATA				  Text	 DGROUP
@DATASIZE			  Text	 0
@FILENAME			  Text	 PRINTSTR
@INTERFACE			  Text	 000H
@MODEL				  Text	 1
@STACK				  Text	 DGROUP
@WORDSIZE			  Text	 2
START				  Near	 DGROUP:0100
TEXT				  Near	 DGROUP:0000

Groups & Segments		  Bit Size Align  Combine Class

DGROUP				  Group
  _DATA				  16  000F Word	  Public  DATA
  _TEXT				  16  010B Word	  Public  CODE
